<?xml version="1.0" encoding="UTF-8"?>
<!-- Generated by org.testng.reporters.JUnitReportReporter -->
<testsuite hostname="IVL-LP46" failures="0" tests="2" name="runnerPackage.Runner" time="51.229" errors="0" timestamp="2020-08-13T22:42:15 GMT-07:00" skipped="0">
  <testcase classname="runnerPackage.Runner" name="runParallelScenario" time="26.055"/>
  <system-out/>
  <testcase classname="runnerPackage.Runner" name="runParallelScenario" time="25.174"/>
  <system-out/>
</testsuite> <!-- runnerPackage.Runner -->
